<?xml version="1.0" encoding="UTF-8"?>
<!-- Generated by org.testng.reporters.JUnitReportReporter -->
<testsuite hostname="DESKTOP-U8K0EIF" failures="0" tests="1" name="runner.TestRunner_AC_Service" time="33.679" errors="0" timestamp="2025-09-10T08:00:40 IST" skipped="0">
  <testcase classname="runner.TestRunner_AC_Service" name="runScenario" time="33.679"/>
</testsuite> <!-- runner.TestRunner_AC_Service -->
