<?xml version="1.0" encoding="UTF-8"?>
<!-- Generated by org.testng.reporters.JUnitReportReporter -->
<testsuite hostname="DESKTOP-U8K0EIF" failures="1" tests="1" name="runner.TestRunner_AC_Service_Access" time="26.394" errors="0" timestamp="2025-09-09T20:39:54 IST" skipped="0">
  <testcase classname="runner.TestRunner_AC_Service_Access" name="runScenario" time="26.394">
    <failure message="❌ AC services not visible! expected [true] but found [false]" type="java.lang.AssertionError">
      <![CDATA[java.lang.AssertionError: ❌ AC services not visible! expected [true] but found [false]
at org.testng.Assert.fail(Assert.java:111)
at org.testng.Assert.failNotEquals(Assert.java:1590)
at org.testng.Assert.assertTrue(Assert.java:57)
at stepdefinitions.AC_Service_StepDef.the_ac_services_should_be_displayed(AC_Service_StepDef.java:38)
at ✽.the AC services should be displayed(file:///C:/Users/HP/eclipse-workspace/nobrokertestapplication/src/test/resources/features/acservice.feature:6)
]]>
    </failure>
  </testcase> <!-- runScenario -->
</testsuite> <!-- runner.TestRunner_AC_Service_Access -->
