<?xml version="1.0" encoding="UTF-8"?>
<!-- Generated by org.testng.reporters.JUnitReportReporter -->
<testsuite hostname="DESKTOP-U8K0EIF" failures="0" tests="5" name="runner.TestRunner_RentalAgreement" time="167.647" errors="0" timestamp="2025-09-11T14:20:26 IST" skipped="0">
  <testcase classname="runner.TestRunner_RentalAgreement" name="runScenario" time="34.870"/>
  <testcase classname="runner.TestRunner_RentalAgreement" name="runScenario" time="33.528"/>
  <testcase classname="runner.TestRunner_RentalAgreement" name="runScenario" time="34.381"/>
  <testcase classname="runner.TestRunner_RentalAgreement" name="runScenario" time="34.052"/>
  <testcase classname="runner.TestRunner_RentalAgreement" name="runScenario" time="30.816"/>
</testsuite> <!-- runner.TestRunner_RentalAgreement -->
