<?xml version="1.0" encoding="UTF-8"?>
<!-- Generated by org.testng.reporters.JUnitReportReporter -->
<testsuite hostname="DESKTOP-U8K0EIF" failures="0" tests="1" name="runner.TestRunner_Help_Centre" time="18.874" errors="0" timestamp="2025-09-09T08:12:13 IST" skipped="0">
  <testcase classname="runner.TestRunner_Help_Centre" name="runScenario" time="18.874"/>
</testsuite> <!-- runner.TestRunner_Help_Centre -->
