<?xml version="1.0" encoding="UTF-8"?>
<!-- Generated by org.testng.reporters.JUnitReportReporter -->
<testsuite hostname="DESKTOP-U8K0EIF" failures="0" tests="1" name="runner.TestRunner_Careers" time="38.672" errors="0" timestamp="2025-09-11T20:00:46 IST" skipped="0">
  <testcase classname="runner.TestRunner_Careers" name="runScenario" time="38.672"/>
</testsuite> <!-- runner.TestRunner_Careers -->
