<?xml version="1.0" encoding="UTF-8"?>
<!-- Generated by org.testng.reporters.JUnitReportReporter -->
<testsuite hostname="DESKTOP-U8K0EIF" failures="0" tests="1" name="runner.TestRunner_PaymentCancel" time="30.785" errors="0" timestamp="2025-09-11T11:40:18 IST" skipped="0">
  <testcase classname="runner.TestRunner_PaymentCancel" name="runScenario" time="30.785"/>
</testsuite> <!-- runner.TestRunner_PaymentCancel -->
