<?xml version="1.0" encoding="UTF-8"?>
<!-- Generated by org.testng.reporters.JUnitReportReporter -->
<testsuite hostname="DESKTOP-U8K0EIF" failures="0" tests="1" name="runner.TestRunner_PaymentHistory" time="30.853" errors="0" timestamp="2025-09-11T09:39:53 IST" skipped="0">
  <testcase classname="runner.TestRunner_PaymentHistory" name="runScenario" time="30.853"/>
</testsuite> <!-- runner.TestRunner_PaymentHistory -->
