<?xml version="1.0" encoding="UTF-8"?>
<!-- Generated by org.testng.reporters.JUnitReportReporter -->
<testsuite hostname="DESKTOP-U8K0EIF" failures="0" tests="1" name="runner.TestRunner_Appliance_Service" time="25.971" errors="0" timestamp="2025-09-10T10:01:05 IST" skipped="0">
  <testcase classname="runner.TestRunner_Appliance_Service" name="runScenario" time="25.971"/>
</testsuite> <!-- runner.TestRunner_Appliance_Service -->
