<?xml version="1.0" encoding="UTF-8"?>
<!-- Generated by org.testng.reporters.JUnitReportReporter -->
<testsuite hostname="DESKTOP-U8K0EIF" failures="0" tests="1" name="runner.TestRunner_Blog" time="43.613" errors="0" timestamp="2025-09-10T14:11:00 IST" skipped="0">
  <testcase classname="runner.TestRunner_Blog" name="runScenario" time="43.613"/>
</testsuite> <!-- runner.TestRunner_Blog -->
